

Microchip Technology PIC LITE Macro Assembler V1.35 build -356382666 
                                                                                               Tue Dec  1 06:15:13 2015

Microchip Technology Omniscient Code Generator v1.35 (Free mode) build 201507080246
     1                           	processor	16F886
     2                           	opt	pw 120
     3                           	opt	lm
     4                           	psect	nvBANK0,global,class=BANK0,space=1,delta=1
     5                           	psect	cinit,global,class=CODE,merge=1,delta=2
     6                           	psect	bssCOMMON,global,class=COMMON,space=1,delta=1
     7                           	psect	bssBANK0,global,class=BANK0,space=1,delta=1
     8                           	psect	cstackCOMMON,global,class=COMMON,space=1,delta=1
     9                           	psect	cstackBANK0,global,class=BANK0,space=1,delta=1
    10                           	psect	maintext,global,class=CODE,split=1,delta=2
    11                           	psect	text1,local,class=CODE,merge=1,delta=2
    12                           	psect	text2,local,class=CODE,merge=1,delta=2
    13                           	psect	text3,local,class=CODE,merge=1,delta=2
    14                           	psect	text4,local,class=CODE,merge=1,delta=2
    15                           	psect	text5,local,class=CODE,merge=1,delta=2
    16                           	psect	intentry,global,class=CODE,delta=2
    17                           	dabs	1,0x7E,2
    18  0000                     	;# 
    19  0001                     	;# 
    20  0002                     	;# 
    21  0003                     	;# 
    22  0004                     	;# 
    23  0005                     	;# 
    24  0006                     	;# 
    25  0007                     	;# 
    26  0009                     	;# 
    27  000A                     	;# 
    28  000B                     	;# 
    29  000C                     	;# 
    30  000D                     	;# 
    31  000E                     	;# 
    32  000E                     	;# 
    33  000F                     	;# 
    34  0010                     	;# 
    35  0011                     	;# 
    36  0012                     	;# 
    37  0013                     	;# 
    38  0014                     	;# 
    39  0015                     	;# 
    40  0015                     	;# 
    41  0016                     	;# 
    42  0017                     	;# 
    43  0018                     	;# 
    44  0019                     	;# 
    45  001A                     	;# 
    46  001B                     	;# 
    47  001B                     	;# 
    48  001C                     	;# 
    49  001D                     	;# 
    50  001E                     	;# 
    51  001F                     	;# 
    52  0081                     	;# 
    53  0085                     	;# 
    54  0086                     	;# 
    55  0087                     	;# 
    56  0089                     	;# 
    57  008C                     	;# 
    58  008D                     	;# 
    59  008E                     	;# 
    60  008F                     	;# 
    61  0090                     	;# 
    62  0091                     	;# 
    63  0092                     	;# 
    64  0093                     	;# 
    65  0093                     	;# 
    66  0093                     	;# 
    67  0094                     	;# 
    68  0095                     	;# 
    69  0096                     	;# 
    70  0097                     	;# 
    71  0098                     	;# 
    72  0099                     	;# 
    73  009A                     	;# 
    74  009B                     	;# 
    75  009C                     	;# 
    76  009D                     	;# 
    77  009E                     	;# 
    78  009F                     	;# 
    79  0105                     	;# 
    80  0107                     	;# 
    81  0108                     	;# 
    82  0109                     	;# 
    83  010C                     	;# 
    84  010C                     	;# 
    85  010D                     	;# 
    86  010E                     	;# 
    87  010F                     	;# 
    88  0185                     	;# 
    89  0187                     	;# 
    90  0188                     	;# 
    91  0189                     	;# 
    92  018C                     	;# 
    93  018D                     	;# 
    94                           
    95                           	psect	nvBANK0
    96  0033                     __pnvBANK0:	
    97  0033                     _risingEdge:	
    98  0033                     	ds	2
    99  0017                     _CCP1CONbits	set	23
   100  0015                     _CCPR1L	set	21
   101  000B                     _INTCONbits	set	11
   102  000C                     _PIR1bits	set	12
   103  0005                     _PORTAbits	set	5
   104  001A                     _RCREG	set	26
   105  0018                     _RCSTAbits	set	24
   106  0010                     _T1CONbits	set	16
   107  000F                     _TMR1H	set	15
   108  000E                     _TMR1L	set	14
   109  0019                     _TXREG	set	25
   110  0062                     _CCP1IF	set	98
   111  0065                     _RCIF	set	101
   112  008F                     _OSCCON	set	143
   113  008F                     _OSCCONbits	set	143
   114  008C                     _PIE1bits	set	140
   115  0099                     _SPBRG	set	153
   116  009A                     _SPBRGH	set	154
   117  0085                     _TRISA	set	133
   118  0087                     _TRISCbits	set	135
   119  0098                     _TXSTAbits	set	152
   120  0188                     _ANSEL	set	392
   121  0187                     _BAUDCTLbits	set	391
   122                           
   123                           ; #config settings
   124  0000                     
   125                           	psect	cinit
   126  07ED                     start_initialization:	
   127  07ED                     __initialization:	
   128                           
   129                           ; Clear objects allocated to COMMON
   130  07ED  01FA               	clrf	__pbssCOMMON& (0+127)
   131  07EE  01FB               	clrf	(__pbssCOMMON+1)& (0+127)
   132  07EF  01FC               	clrf	(__pbssCOMMON+2)& (0+127)
   133  07F0  01FD               	clrf	(__pbssCOMMON+3)& (0+127)
   134                           
   135                           ; Clear objects allocated to BANK0
   136  07F1  01A0               	clrf	__pbssBANK0& (0+127)
   137  07F2  01A1               	clrf	(__pbssBANK0+1)& (0+127)
   138  07F3  01A2               	clrf	(__pbssBANK0+2)& (0+127)
   139  07F4  01A3               	clrf	(__pbssBANK0+3)& (0+127)
   140  07F5  01A4               	clrf	(__pbssBANK0+4)& (0+127)
   141  07F6  01A5               	clrf	(__pbssBANK0+5)& (0+127)
   142  07F7  01A6               	clrf	(__pbssBANK0+6)& (0+127)
   143  07F8  01A7               	clrf	(__pbssBANK0+7)& (0+127)
   144  07F9  01A8               	clrf	(__pbssBANK0+8)& (0+127)
   145  07FA  01A9               	clrf	(__pbssBANK0+9)& (0+127)
   146  07FB  01AA               	clrf	(__pbssBANK0+10)& (0+127)
   147  07FC                     end_of_initialization:	
   148                           ;End of C runtime variable initialization code
   149                           
   150  07FC                     __end_of__initialization:	
   151  07FC  0183               	clrf	3
   152  07FD  120A  118A  2EC9   	ljmp	_main	;jump to C main() function
   153                           
   154                           	psect	bssCOMMON
   155  007A                     __pbssCOMMON:	
   156  007A                     _t1:	
   157  007A                     	ds	2
   158  007C                     _t2:	
   159  007C                     	ds	2
   160                           
   161                           	psect	bssBANK0
   162  0020                     __pbssBANK0:	
   163  0020                     _counter:	
   164  0020                     	ds	2
   165  0022                     _currentMode:	
   166  0022                     	ds	2
   167  0024                     _sampleCounter:	
   168  0024                     	ds	2
   169  0026                     _state:	
   170  0026                     	ds	2
   171  0028                     _t3:	
   172  0028                     	ds	2
   173  002A                     _rx_char:	
   174  002A                     	ds	1
   175                           
   176                           	psect	cstackCOMMON
   177  0071                     __pcstackCOMMON:	
   178  0071                     ?_configureUART:	
   179  0071                     ?_flipMode:	
   180                           ; 0 bytes @ 0x0
   181                           
   182  0071                     ?_sendBeacon:	
   183                           ; 0 bytes @ 0x0
   184                           
   185  0071                     ?_configureCCPModule:	
   186                           ; 0 bytes @ 0x0
   187                           
   188  0071                     ?_main:	
   189                           ; 0 bytes @ 0x0
   190                           
   191  0071                     ?_int_handler:	
   192                           ; 0 bytes @ 0x0
   193                           
   194  0071                     ??_int_handler:	
   195                           ; 0 bytes @ 0x0
   196                           
   197                           
   198                           ; 0 bytes @ 0x0
   199  0071                     	ds	7
   200  0078                     int_handler@diff:	
   201                           
   202                           ; 2 bytes @ 0x7
   203  0078                     	ds	2
   204                           
   205                           	psect	cstackBANK0
   206  002B                     __pcstackBANK0:	
   207  002B                     ??_configureUART:	
   208  002B                     ??_flipMode:	
   209                           ; 0 bytes @ 0x0
   210                           
   211  002B                     ??_configureCCPModule:	
   212                           ; 0 bytes @ 0x0
   213                           
   214                           
   215                           ; 0 bytes @ 0x0
   216  002B                     	ds	3
   217  002E                     ??_sendBeacon:	
   218  002E                     sendBeacon@x:	
   219                           ; 0 bytes @ 0x3
   220                           
   221                           
   222                           ; 2 bytes @ 0x3
   223  002E                     	ds	2
   224  0030                     ??_main:	
   225                           
   226                           ; 0 bytes @ 0x5
   227  0030                     	ds	3
   228                           
   229                           	psect	maintext
   230  06C9                     __pmaintext:	
   231 ;;
   232 ;;Main: autosize = 0, tempsize = 3, incstack = 0, save=0
   233 ;;
   234 ;; *************** function _main *****************
   235 ;; Defined at:
   236 ;;		line 239 in file "main.c"
   237 ;; Parameters:    Size  Location     Type
   238 ;;		None
   239 ;; Auto vars:     Size  Location     Type
   240 ;;		None
   241 ;; Return value:  Size  Location     Type
   242 ;;		None               void
   243 ;; Registers used:
   244 ;;		wreg, fsr0l, fsr0h, status,2, status,0, btemp+1, pclath, cstack
   245 ;; Tracked objects:
   246 ;;		On entry : B00/0
   247 ;;		On exit  : 0/0
   248 ;;		Unchanged: 0/0
   249 ;; Data sizes:     COMMON   BANK0   BANK1   BANK3   BANK2
   250 ;;      Params:         0       0       0       0       0
   251 ;;      Locals:         0       0       0       0       0
   252 ;;      Temps:          0       3       0       0       0
   253 ;;      Totals:         0       3       0       0       0
   254 ;;Total ram usage:        3 bytes
   255 ;; Hardware stack levels required when called:    3
   256 ;; This function calls:
   257 ;;		_configureCCPModule
   258 ;;		_configureUART
   259 ;;		_sendBeacon
   260 ;; This function is called by:
   261 ;;		Startup code after reset
   262 ;; This function uses a non-reentrant model
   263 ;;
   264                           
   265                           
   266                           ;psect for function _main
   267  06C9                     _main:	
   268                           
   269                           ;main.c: 242: OSCCON = 0x71;
   270                           
   271                           ;incstack = 0
   272                           ; Regs used in _main: [wreg-fsr0h+status,2+status,0+btemp+1+pclath+cstack]
   273  06C9  3071               	movlw	113
   274  06CA  1683               	bsf	3,5	;RP0=1, select bank1
   275  06CB  1303               	bcf	3,6	;RP1=0, select bank1
   276  06CC  008F               	movwf	15	;volatile
   277                           
   278                           ;main.c: 243: OSCCONbits.SCS = 1;
   279  06CD  140F               	bsf	15,0	;volatile
   280                           
   281                           ;main.c: 253: INTCONbits.PEIE = 1;
   282  06CE  170B               	bsf	11,6	;volatile
   283                           
   284                           ;main.c: 254: INTCONbits.GIE = 1;
   285  06CF  178B               	bsf	11,7	;volatile
   286                           
   287                           ;main.c: 255: PIE1bits.CCP1IE = 1;
   288  06D0  150C               	bsf	12,2	;volatile
   289                           
   290                           ;main.c: 259: TRISA = 0b00000010;
   291  06D1  3002               	movlw	2
   292  06D2  0085               	movwf	5	;volatile
   293                           
   294                           ;main.c: 260: ANSEL = 0x00;
   295  06D3  1683               	bsf	3,5	;RP0=1, select bank3
   296  06D4  1703               	bsf	3,6	;RP1=1, select bank3
   297  06D5  0188               	clrf	8	;volatile
   298                           
   299                           ;main.c: 261: PORTAbits.RA0 = 1;
   300  06D6  1283               	bcf	3,5	;RP0=0, select bank0
   301  06D7  1303               	bcf	3,6	;RP1=0, select bank0
   302  06D8  1405               	bsf	5,0	;volatile
   303                           
   304                           ;main.c: 262: TRISCbits.TRISC2 = 1;
   305  06D9  1683               	bsf	3,5	;RP0=1, select bank1
   306  06DA  1303               	bcf	3,6	;RP1=0, select bank1
   307  06DB  1507               	bsf	7,2	;volatile
   308                           
   309                           ;main.c: 264: PORTAbits.RA2 = 0;
   310  06DC  1283               	bcf	3,5	;RP0=0, select bank0
   311  06DD  1303               	bcf	3,6	;RP1=0, select bank0
   312  06DE  1105               	bcf	5,2	;volatile
   313                           
   314                           ;main.c: 265: PORTAbits.RA3 = 0;
   315  06DF  1185               	bcf	5,3	;volatile
   316                           
   317                           ;main.c: 267: PORTAbits.RA6 = 1;
   318  06E0  1705               	bsf	5,6	;volatile
   319                           
   320                           ;main.c: 268: PORTAbits.RA5 = 0;
   321  06E1  1285               	bcf	5,5	;volatile
   322                           
   323                           ;main.c: 269: PORTAbits.RA7 = 0;
   324  06E2  1385               	bcf	5,7	;volatile
   325                           
   326                           ;main.c: 272: configureUART();
   327  06E3  120A  118A  254F  120A  118A  	fcall	_configureUART
   328                           
   329                           ;main.c: 273: configureCCPModule();
   330  06E8  120A  118A  2566  120A  118A  	fcall	_configureCCPModule
   331                           
   332                           ;main.c: 274: PIR1bits.CCP1IF = 0;
   333  06ED  1283               	bcf	3,5	;RP0=0, select bank0
   334  06EE  1303               	bcf	3,6	;RP1=0, select bank0
   335  06EF  110C               	bcf	12,2	;volatile
   336                           
   337                           ;main.c: 276: currentMode = 0;
   338  06F0  01A2               	clrf	_currentMode	;volatile
   339  06F1  01A3               	clrf	_currentMode+1	;volatile
   340                           
   341                           ;main.c: 277: sampleCounter = 0;
   342  06F2  01A4               	clrf	_sampleCounter	;volatile
   343  06F3  01A5               	clrf	_sampleCounter+1	;volatile
   344                           
   345                           ;main.c: 278: t1 = 0;
   346  06F4  01FA               	clrf	_t1	;volatile
   347  06F5  01FB               	clrf	_t1+1	;volatile
   348                           
   349                           ;main.c: 279: t2 = 0;
   350  06F6  01FC               	clrf	_t2	;volatile
   351  06F7  01FD               	clrf	_t2+1	;volatile
   352                           
   353                           ;main.c: 280: t3 = 0;
   354  06F8  01A8               	clrf	_t3	;volatile
   355  06F9  01A9               	clrf	_t3+1	;volatile
   356                           
   357                           ;main.c: 281: risingEdge = 1;
   358  06FA  3001               	movlw	1
   359  06FB  00B3               	movwf	_risingEdge	;volatile
   360  06FC  3000               	movlw	0
   361  06FD  00B4               	movwf	_risingEdge+1	;volatile
   362                           
   363                           ;main.c: 282: counter = 0;
   364  06FE  01A0               	clrf	_counter	;volatile
   365  06FF  01A1               	clrf	_counter+1	;volatile
   366  0700                     l1151:	
   367                           ;main.c: 284: while (1)
   368                           
   369                           
   370                           ;main.c: 285: {
   371                           ;main.c: 287: if (PORTAbits.RA1 == 0b1)
   372  0700  1283               	bcf	3,5	;RP0=0, select bank0
   373  0701  1303               	bcf	3,6	;RP1=0, select bank0
   374  0702  1885               	btfsc	5,1	;volatile
   375  0703  2F45               	goto	l1163
   376  0704  2F57               	goto	l1165
   377  0705                     l1155:	
   378                           ;main.c: 291: {
   379                           ;main.c: 292: case 0: currentMode = 2;
   380                           
   381                           ;main.c: 288: {
   382                           ;main.c: 290: switch (currentMode)
   383                           
   384  0705  3002               	movlw	2
   385  0706  00A2               	movwf	_currentMode	;volatile
   386  0707  3000               	movlw	0
   387  0708  00A3               	movwf	_currentMode+1	;volatile
   388                           
   389                           ;main.c: 293: TXREG = 'f';
   390  0709  3066               	movlw	102
   391  070A  0099               	movwf	25	;volatile
   392                           
   393                           ;main.c: 294: _delay((unsigned long)((250)*(8000000/4000.0)));
   394  070B  3003               	movlw	3
   395  070C  00B2               	movwf	??_main+2
   396  070D  308A               	movlw	138
   397  070E  00B1               	movwf	??_main+1
   398  070F  3056               	movlw	86
   399  0710  00B0               	movwf	??_main
   400  0711                     u797:	
   401  0711  0BB0               	decfsz	??_main,f
   402  0712  2F11               	goto	u797
   403  0713  0BB1               	decfsz	??_main+1,f
   404  0714  2F11               	goto	u797
   405  0715  0BB2               	decfsz	??_main+2,f
   406  0716  2F11               	goto	u797
   407  0717  2F18               	nop2
   408                           
   409                           ;main.c: 295: break;
   410  0718  2F57               	goto	l1165
   411  0719                     l1157:	
   412                           ;main.c: 296: case 1: currentMode = 2;
   413                           
   414  0719  3002               	movlw	2
   415  071A  1283               	bcf	3,5	;RP0=0, select bank0
   416  071B  1303               	bcf	3,6	;RP1=0, select bank0
   417  071C  00A2               	movwf	_currentMode	;volatile
   418  071D  3000               	movlw	0
   419  071E  00A3               	movwf	_currentMode+1	;volatile
   420                           
   421                           ;main.c: 297: TXREG = 'f';
   422  071F  3066               	movlw	102
   423  0720  0099               	movwf	25	;volatile
   424                           
   425                           ;main.c: 298: _delay((unsigned long)((250)*(8000000/4000.0)));
   426  0721  3003               	movlw	3
   427  0722  00B2               	movwf	??_main+2
   428  0723  308A               	movlw	138
   429  0724  00B1               	movwf	??_main+1
   430  0725  3056               	movlw	86
   431  0726  00B0               	movwf	??_main
   432  0727                     u807:	
   433  0727  0BB0               	decfsz	??_main,f
   434  0728  2F27               	goto	u807
   435  0729  0BB1               	decfsz	??_main+1,f
   436  072A  2F27               	goto	u807
   437  072B  0BB2               	decfsz	??_main+2,f
   438  072C  2F27               	goto	u807
   439  072D  2F2E               	nop2
   440                           
   441                           ;main.c: 299: break;
   442  072E  2F57               	goto	l1165
   443  072F                     l1159:	
   444                           ;main.c: 300: case 2: currentMode = 1;
   445                           
   446  072F  3001               	movlw	1
   447  0730  1283               	bcf	3,5	;RP0=0, select bank0
   448  0731  1303               	bcf	3,6	;RP1=0, select bank0
   449  0732  00A2               	movwf	_currentMode	;volatile
   450  0733  3000               	movlw	0
   451  0734  00A3               	movwf	_currentMode+1	;volatile
   452                           
   453                           ;main.c: 301: TXREG = 'w';
   454  0735  3077               	movlw	119
   455  0736  0099               	movwf	25	;volatile
   456                           
   457                           ;main.c: 302: _delay((unsigned long)((250)*(8000000/4000.0)));
   458  0737  3003               	movlw	3
   459  0738  00B2               	movwf	??_main+2
   460  0739  308A               	movlw	138
   461  073A  00B1               	movwf	??_main+1
   462  073B  3056               	movlw	86
   463  073C  00B0               	movwf	??_main
   464  073D                     u817:	
   465  073D  0BB0               	decfsz	??_main,f
   466  073E  2F3D               	goto	u817
   467  073F  0BB1               	decfsz	??_main+1,f
   468  0740  2F3D               	goto	u817
   469  0741  0BB2               	decfsz	??_main+2,f
   470  0742  2F3D               	goto	u817
   471  0743  2F44               	nop2
   472                           
   473                           ;main.c: 305: }
   474                           
   475                           ;main.c: 303: break;
   476  0744  2F57               	goto	l1165
   477  0745                     l1163:	
   478                           
   479                           ; Switch on 2 bytes has been partitioned into a top level switch of size 1, and 1 sub-sw
      +                          itches
   480                           ; Switch size 1, requested type "space"
   481                           ; Number of cases is 1, Range of values is 0 to 0
   482                           ; switch strategies available:
   483                           ; Name         Instructions Cycles
   484                           ; simple_byte            4     3 (average)
   485                           ; direct_byte           11     8 (fixed)
   486                           ; jumptable            260     6 (fixed)
   487                           ;	Chosen strategy is simple_byte
   488  0745  1283               	bcf	3,5	;RP0=0, select bank0
   489  0746  1303               	bcf	3,6	;RP1=0, select bank0
   490  0747  0823               	movf	_currentMode+1,w	;volatile
   491  0748  3A00               	xorlw	0	; case 0
   492  0749  1903               	skipnz
   493  074A  2F4C               	goto	l1311
   494  074B  2F57               	goto	l1165
   495  074C                     l1311:	
   496                           
   497                           ; Switch size 1, requested type "space"
   498                           ; Number of cases is 3, Range of values is 0 to 2
   499                           ; switch strategies available:
   500                           ; Name         Instructions Cycles
   501                           ; simple_byte           10     6 (average)
   502                           ; direct_byte           17     8 (fixed)
   503                           ; jumptable            260     6 (fixed)
   504                           ;	Chosen strategy is simple_byte
   505  074C  0822               	movf	_currentMode,w	;volatile
   506  074D  3A00               	xorlw	0	; case 0
   507  074E  1903               	skipnz
   508  074F  2F05               	goto	l1155
   509  0750  3A01               	xorlw	1	; case 1
   510  0751  1903               	skipnz
   511  0752  2F19               	goto	l1157
   512  0753  3A03               	xorlw	3	; case 2
   513  0754  1903               	skipnz
   514  0755  2F2F               	goto	l1159
   515  0756  2F57               	goto	l1165
   516  0757                     l1165:	
   517                           
   518                           ;main.c: 307: }
   519                           ;main.c: 310: if (currentMode == 0)
   520  0757  1283               	bcf	3,5	;RP0=0, select bank0
   521  0758  1303               	bcf	3,6	;RP1=0, select bank0
   522  0759  0822               	movf	_currentMode,w	;volatile
   523  075A  0423               	iorwf	_currentMode+1,w	;volatile
   524  075B  1D03               	btfss	3,2
   525  075C  2F7C               	goto	l1177
   526                           
   527                           ;main.c: 311: {
   528                           ;main.c: 312: PORTAbits.RA0 = !PORTAbits.RA0;
   529  075D  1003               	clrc
   530  075E  1C05               	btfss	5,0	;volatile
   531  075F  1403               	setc
   532  0760  1C03               	btfss	3,0
   533  0761  2F66               	goto	u630
   534  0762  1283               	bcf	3,5	;RP0=0, select bank0
   535  0763  1303               	bcf	3,6	;RP1=0, select bank0
   536  0764  1405               	bsf	5,0	;volatile
   537  0765  2F69               	goto	l1169
   538  0766                     u630:	
   539  0766  1283               	bcf	3,5	;RP0=0, select bank0
   540  0767  1303               	bcf	3,6	;RP1=0, select bank0
   541  0768  1005               	bcf	5,0	;volatile
   542  0769                     l1169:	
   543                           
   544                           ;main.c: 314: _delay((unsigned long)((150)*(8000000/4000.0)));
   545  0769  3002               	movlw	2
   546  076A  00B2               	movwf	??_main+2
   547  076B  3086               	movlw	134
   548  076C  00B1               	movwf	??_main+1
   549  076D  3099               	movlw	153
   550  076E  00B0               	movwf	??_main
   551  076F                     u827:	
   552  076F  0BB0               	decfsz	??_main,f
   553  0770  2F6F               	goto	u827
   554  0771  0BB1               	decfsz	??_main+1,f
   555  0772  2F6F               	goto	u827
   556  0773  0BB2               	decfsz	??_main+2,f
   557  0774  2F6F               	goto	u827
   558                           
   559                           ;main.c: 315: PORTAbits.RA2 = 0;
   560  0775  1283               	bcf	3,5	;RP0=0, select bank0
   561  0776  1303               	bcf	3,6	;RP1=0, select bank0
   562  0777  1105               	bcf	5,2	;volatile
   563                           
   564                           ;main.c: 316: PORTAbits.RA3 = 0;
   565  0778  1185               	bcf	5,3	;volatile
   566                           
   567                           ;main.c: 320: PIE1bits.CCP1IE = 0;
   568  0779  1683               	bsf	3,5	;RP0=1, select bank1
   569  077A  1303               	bcf	3,6	;RP1=0, select bank1
   570  077B  110C               	bcf	12,2	;volatile
   571  077C                     l1177:	
   572                           
   573                           ;main.c: 321: }
   574                           ;main.c: 322: if (currentMode == 1)
   575  077C  1283               	bcf	3,5	;RP0=0, select bank0
   576  077D  0322               	decf	_currentMode,w	;volatile
   577  077E  0423               	iorwf	_currentMode+1,w	;volatile
   578  077F  1D03               	btfss	3,2
   579  0780  2F87               	goto	l1181
   580                           
   581                           ;main.c: 323: {
   582                           ;main.c: 324: PORTAbits.RA0 = 0;
   583  0781  1005               	bcf	5,0	;volatile
   584                           
   585                           ;main.c: 325: PORTAbits.RA2 = 1;
   586  0782  1505               	bsf	5,2	;volatile
   587                           
   588                           ;main.c: 326: PORTAbits.RA3 = 0;
   589  0783  1185               	bcf	5,3	;volatile
   590                           
   591                           ;main.c: 328: PIE1bits.CCP1IE = 0;
   592  0784  1683               	bsf	3,5	;RP0=1, select bank1
   593  0785  1303               	bcf	3,6	;RP1=0, select bank1
   594  0786  110C               	bcf	12,2	;volatile
   595  0787                     l1181:	
   596                           
   597                           ;main.c: 332: }
   598                           ;main.c: 333: if (currentMode == 2)
   599  0787  3002               	movlw	2
   600  0788  1283               	bcf	3,5	;RP0=0, select bank0
   601  0789  0622               	xorwf	_currentMode,w	;volatile
   602  078A  0423               	iorwf	_currentMode+1,w	;volatile
   603  078B  1D03               	btfss	3,2
   604  078C  2FDD               	goto	l122
   605                           
   606                           ;main.c: 334: {
   607                           ;main.c: 335: PORTAbits.RA0 = 0;
   608  078D  1005               	bcf	5,0	;volatile
   609                           
   610                           ;main.c: 336: PORTAbits.RA2 = 0;
   611  078E  1105               	bcf	5,2	;volatile
   612                           
   613                           ;main.c: 337: PORTAbits.RA3 = 1;
   614  078F  1585               	bsf	5,3	;volatile
   615                           
   616                           ;main.c: 339: PIE1bits.CCP1IE = 1;
   617  0790  1683               	bsf	3,5	;RP0=1, select bank1
   618  0791  1303               	bcf	3,6	;RP1=0, select bank1
   619  0792  150C               	bsf	12,2	;volatile
   620                           
   621                           ;main.c: 341: sendBeacon();
   622  0793  120A  118A  258E  120A  118A  	fcall	_sendBeacon
   623                           
   624                           ;main.c: 344: _delay((unsigned long)((10)*(8000000/4000.0)));
   625  0798  301A               	movlw	26
   626  0799  1283               	bcf	3,5	;RP0=0, select bank0
   627  079A  1303               	bcf	3,6	;RP1=0, select bank0
   628  079B  00B1               	movwf	??_main+1
   629  079C  30F8               	movlw	248
   630  079D  00B0               	movwf	??_main
   631  079E                     u837:	
   632  079E  0BB0               	decfsz	??_main,f
   633  079F  2F9E               	goto	u837
   634  07A0  0BB1               	decfsz	??_main+1,f
   635  07A1  2F9E               	goto	u837
   636  07A2  0000               	nop
   637                           
   638                           ;main.c: 345: PORTAbits.RA3 = !PORTAbits.RA3;
   639  07A3  1003               	clrc
   640  07A4  1283               	bcf	3,5	;RP0=0, select bank0
   641  07A5  1303               	bcf	3,6	;RP1=0, select bank0
   642  07A6  1D85               	btfss	5,3	;volatile
   643  07A7  1403               	setc
   644  07A8  1C03               	btfss	3,0
   645  07A9  2FAE               	goto	u670
   646  07AA  1283               	bcf	3,5	;RP0=0, select bank0
   647  07AB  1303               	bcf	3,6	;RP1=0, select bank0
   648  07AC  1585               	bsf	5,3	;volatile
   649  07AD  2FB1               	goto	l1191
   650  07AE                     u670:	
   651  07AE  1283               	bcf	3,5	;RP0=0, select bank0
   652  07AF  1303               	bcf	3,6	;RP1=0, select bank0
   653  07B0  1185               	bcf	5,3	;volatile
   654  07B1                     l1191:	
   655                           
   656                           ;main.c: 346: _delay((unsigned long)((25)*(8000000/4000.0)));
   657  07B1  3041               	movlw	65
   658  07B2  00B1               	movwf	??_main+1
   659  07B3  30EE               	movlw	238
   660  07B4  00B0               	movwf	??_main
   661  07B5                     u847:	
   662  07B5  0BB0               	decfsz	??_main,f
   663  07B6  2FB5               	goto	u847
   664  07B7  0BB1               	decfsz	??_main+1,f
   665  07B8  2FB5               	goto	u847
   666  07B9  0000               	nop
   667                           
   668                           ;main.c: 347: PORTAbits.RA3 = !PORTAbits.RA3;
   669  07BA  1003               	clrc
   670  07BB  1283               	bcf	3,5	;RP0=0, select bank0
   671  07BC  1303               	bcf	3,6	;RP1=0, select bank0
   672  07BD  1D85               	btfss	5,3	;volatile
   673  07BE  1403               	setc
   674  07BF  1C03               	btfss	3,0
   675  07C0  2FC5               	goto	u690
   676  07C1  1283               	bcf	3,5	;RP0=0, select bank0
   677  07C2  1303               	bcf	3,6	;RP1=0, select bank0
   678  07C3  1585               	bsf	5,3	;volatile
   679  07C4  2FC8               	goto	u704
   680  07C5                     u690:	
   681  07C5  1283               	bcf	3,5	;RP0=0, select bank0
   682  07C6  1303               	bcf	3,6	;RP1=0, select bank0
   683  07C7  1185               	bcf	5,3	;volatile
   684  07C8                     u704:	
   685                           
   686                           ;main.c: 349: sendBeacon();
   687  07C8  120A  118A  258E  120A  118A  	fcall	_sendBeacon
   688                           
   689                           ;main.c: 350: _delay((unsigned long)((10)*(8000000/4000.0)));
   690  07CD  301A               	movlw	26
   691  07CE  1283               	bcf	3,5	;RP0=0, select bank0
   692  07CF  1303               	bcf	3,6	;RP1=0, select bank0
   693  07D0  00B1               	movwf	??_main+1
   694  07D1  30F8               	movlw	248
   695  07D2  00B0               	movwf	??_main
   696  07D3                     u857:	
   697  07D3  0BB0               	decfsz	??_main,f
   698  07D4  2FD3               	goto	u857
   699  07D5  0BB1               	decfsz	??_main+1,f
   700  07D6  2FD3               	goto	u857
   701  07D7  0000               	nop
   702                           
   703                           ;main.c: 351: sendBeacon();
   704  07D8  120A  118A  258E  120A  118A  	fcall	_sendBeacon
   705  07DD                     l122:	
   706                           
   707                           ;main.c: 354: }
   708                           ;main.c: 359: _delay((unsigned long)((100)*(8000000/4000.0)));
   709  07DD  3002               	movlw	2
   710  07DE  1283               	bcf	3,5	;RP0=0, select bank0
   711  07DF  1303               	bcf	3,6	;RP1=0, select bank0
   712  07E0  00B2               	movwf	??_main+2
   713  07E1  3004               	movlw	4
   714  07E2  00B1               	movwf	??_main+1
   715  07E3  30BA               	movlw	186
   716  07E4  00B0               	movwf	??_main
   717  07E5                     u867:	
   718  07E5  0BB0               	decfsz	??_main,f
   719  07E6  2FE5               	goto	u867
   720  07E7  0BB1               	decfsz	??_main+1,f
   721  07E8  2FE5               	goto	u867
   722  07E9  0BB2               	decfsz	??_main+2,f
   723  07EA  2FE5               	goto	u867
   724  07EB  0000               	nop
   725  07EC  2F00               	goto	l1151
   726  07ED                     __end_of_main:	
   727                           
   728                           	psect	text1
   729  058E                     __ptext1:	
   730 ;; *************** function _sendBeacon *****************
   731 ;; Defined at:
   732 ;;		line 169 in file "main.c"
   733 ;; Parameters:    Size  Location     Type
   734 ;;		None
   735 ;; Auto vars:     Size  Location     Type
   736 ;;  x               2    3[BANK0 ] int 
   737 ;; Return value:  Size  Location     Type
   738 ;;		None               void
   739 ;; Registers used:
   740 ;;		wreg, fsr0l, fsr0h, status,2, status,0, btemp+1, pclath, cstack
   741 ;; Tracked objects:
   742 ;;		On entry : 0/0
   743 ;;		On exit  : 0/0
   744 ;;		Unchanged: 0/0
   745 ;; Data sizes:     COMMON   BANK0   BANK1   BANK3   BANK2
   746 ;;      Params:         0       0       0       0       0
   747 ;;      Locals:         0       2       0       0       0
   748 ;;      Temps:          0       0       0       0       0
   749 ;;      Totals:         0       2       0       0       0
   750 ;;Total ram usage:        2 bytes
   751 ;; Hardware stack levels used:    1
   752 ;; Hardware stack levels required when called:    2
   753 ;; This function calls:
   754 ;;		_flipMode
   755 ;; This function is called by:
   756 ;;		_main
   757 ;; This function uses a non-reentrant model
   758 ;;
   759                           
   760                           
   761                           ;psect for function _sendBeacon
   762  058E                     _sendBeacon:	
   763                           
   764                           ;main.c: 171: INTCONbits.GIE = 0;
   765                           
   766                           ;incstack = 0
   767                           ; Regs used in _sendBeacon: [wreg-fsr0h+status,2+status,0+btemp+1+pclath+cstack]
   768  058E  138B               	bcf	11,7	;volatile
   769                           
   770                           ;main.c: 173: int x;
   771                           ;main.c: 174: x = 0;
   772  058F  1283               	bcf	3,5	;RP0=0, select bank0
   773  0590  1303               	bcf	3,6	;RP1=0, select bank0
   774  0591  01AE               	clrf	sendBeacon@x
   775  0592  01AF               	clrf	sendBeacon@x+1
   776                           
   777                           ;main.c: 175: for (x = 0; x < 50; x++)
   778  0593  01AE               	clrf	sendBeacon@x
   779  0594  01AF               	clrf	sendBeacon@x+1
   780  0595  082F               	movf	sendBeacon@x+1,w
   781  0596  3A80               	xorlw	128
   782  0597  00FF               	movwf	127
   783  0598  3080               	movlw	128
   784  0599  027F               	subwf	127,w
   785  059A  1D03               	skipz
   786  059B  2D9E               	goto	u405
   787  059C  3032               	movlw	50
   788  059D  022E               	subwf	sendBeacon@x,w
   789  059E                     u405:	
   790  059E  1803               	btfsc	3,0
   791  059F  2DCA               	goto	l105
   792                           
   793                           ;main.c: 176: {
   794                           ;main.c: 179: PORTAbits.RA4 = !PORTAbits.RA4;
   795  05A0  1003               	clrc
   796  05A1                     L1:	
   797  05A1  1283               	bcf	3,5	;RP0=0, select bank0
   798  05A2  1303               	bcf	3,6	;RP1=0, select bank0
   799  05A3  1E05               	btfss	5,4	;volatile
   800  05A4  1403               	setc
   801  05A5  1C03               	btfss	3,0
   802  05A6  2DAB               	goto	u410
   803  05A7  1283               	bcf	3,5	;RP0=0, select bank0
   804  05A8  1303               	bcf	3,6	;RP1=0, select bank0
   805  05A9  1605               	bsf	5,4	;volatile
   806  05AA  2DAE               	goto	l997
   807  05AB                     u410:	
   808  05AB  1283               	bcf	3,5	;RP0=0, select bank0
   809  05AC  1303               	bcf	3,6	;RP1=0, select bank0
   810  05AD  1205               	bcf	5,4	;volatile
   811  05AE                     l997:	
   812                           
   813                           ;main.c: 180: _delay((unsigned long)((1)*(8000000/4000000.0)));
   814  05AE  2DAF               	nop2	;2 cycle nop
   815                           
   816                           ;main.c: 190: if (PORTAbits.RA1 == 0b1)
   817  05AF  1283               	bcf	3,5	;RP0=0, select bank0
   818  05B0  1303               	bcf	3,6	;RP1=0, select bank0
   819  05B1  1C85               	btfss	5,1	;volatile
   820  05B2  2DB7               	goto	l1005
   821                           
   822                           ;main.c: 191: {
   823                           ;main.c: 192: flipMode();
   824  05B3  120A  118A  25CC   	fcall	_flipMode
   825                           
   826                           ;main.c: 193: return;
   827  05B6  0008               	return
   828  05B7                     l1005:	
   829  05B7  3001               	movlw	1
   830  05B8  1283               	bcf	3,5	;RP0=0, select bank0
   831  05B9  1303               	bcf	3,6	;RP1=0, select bank0
   832  05BA  07AE               	addwf	sendBeacon@x,f
   833  05BB  1803               	skipnc
   834  05BC  0AAF               	incf	sendBeacon@x+1,f
   835  05BD  3000               	movlw	0
   836  05BE  07AF               	addwf	sendBeacon@x+1,f
   837  05BF  082F               	movf	sendBeacon@x+1,w
   838  05C0  3A80               	xorlw	128
   839  05C1  00FF               	movwf	127
   840  05C2  3080               	movlw	128
   841  05C3  027F               	subwf	127,w
   842  05C4  1D03               	skipz
   843  05C5  2DC8               	goto	u445
   844  05C6  3032               	movlw	50
   845  05C7  022E               	subwf	sendBeacon@x,w
   846  05C8                     u445:	
   847  05C8  1C03               	skipc
   848  05C9  2DA1               	goto	L1
   849  05CA                     l105:	
   850                           
   851                           ;main.c: 194: }
   852                           ;main.c: 198: }
   853                           ;main.c: 200: INTCONbits.GIE = 1;
   854  05CA  178B               	bsf	11,7	;volatile
   855  05CB  0008               	return
   856  05CC                     __end_of_sendBeacon:	
   857                           
   858                           	psect	text2
   859  05CC                     __ptext2:	
   860 ;; *************** function _flipMode *****************
   861 ;; Defined at:
   862 ;;		line 82 in file "main.c"
   863 ;; Parameters:    Size  Location     Type
   864 ;;		None
   865 ;; Auto vars:     Size  Location     Type
   866 ;;		None
   867 ;; Return value:  Size  Location     Type
   868 ;;		None               void
   869 ;; Registers used:
   870 ;;		wreg, fsr0l, fsr0h, status,2, status,0
   871 ;; Tracked objects:
   872 ;;		On entry : 0/0
   873 ;;		On exit  : 0/0
   874 ;;		Unchanged: 0/0
   875 ;; Data sizes:     COMMON   BANK0   BANK1   BANK3   BANK2
   876 ;;      Params:         0       0       0       0       0
   877 ;;      Locals:         0       0       0       0       0
   878 ;;      Temps:          0       3       0       0       0
   879 ;;      Totals:         0       3       0       0       0
   880 ;;Total ram usage:        3 bytes
   881 ;; Hardware stack levels used:    1
   882 ;; Hardware stack levels required when called:    1
   883 ;; This function calls:
   884 ;;		Nothing
   885 ;; This function is called by:
   886 ;;		_sendBeacon
   887 ;;		_sendPulsingFollowerIRBeacon
   888 ;;		_sendPulsingWatchdogIRBeacon
   889 ;; This function uses a non-reentrant model
   890 ;;
   891                           
   892                           
   893                           ;psect for function _flipMode
   894  05CC                     _flipMode:	
   895                           
   896                           ;main.c: 85: switch (currentMode)
   897                           
   898                           ;incstack = 0
   899                           ; Regs used in _flipMode: [wreg-fsr0h+status,2+status,0]
   900  05CC  2E0F               	goto	l973
   901  05CD                     l959:	
   902                           ;main.c: 86: {
   903                           ;main.c: 87: case 0: currentMode = 2;
   904                           
   905  05CD  3002               	movlw	2
   906  05CE  1283               	bcf	3,5	;RP0=0, select bank0
   907  05CF  1303               	bcf	3,6	;RP1=0, select bank0
   908  05D0  00A2               	movwf	_currentMode	;volatile
   909  05D1  3000               	movlw	0
   910  05D2  00A3               	movwf	_currentMode+1	;volatile
   911                           
   912                           ;main.c: 88: TXREG = 'f';
   913  05D3  3066               	movlw	102
   914  05D4  0099               	movwf	25	;volatile
   915                           
   916                           ;main.c: 89: _delay((unsigned long)((250)*(8000000/4000.0)));
   917  05D5  3003               	movlw	3
   918  05D6  00AD               	movwf	??_flipMode+2
   919  05D7  308A               	movlw	138
   920  05D8  00AC               	movwf	??_flipMode+1
   921  05D9  3056               	movlw	86
   922  05DA  00AB               	movwf	??_flipMode
   923  05DB                     u877:	
   924  05DB  0BAB               	decfsz	??_flipMode,f
   925  05DC  2DDB               	goto	u877
   926  05DD  0BAC               	decfsz	??_flipMode+1,f
   927  05DE  2DDB               	goto	u877
   928  05DF  0BAD               	decfsz	??_flipMode+2,f
   929  05E0  2DDB               	goto	u877
   930  05E1  2DE2               	nop2
   931                           
   932                           ;main.c: 90: return;
   933  05E2  0008               	return
   934  05E3                     l963:	
   935                           ;main.c: 91: case 1: currentMode = 2;
   936                           
   937  05E3  3002               	movlw	2
   938  05E4  1283               	bcf	3,5	;RP0=0, select bank0
   939  05E5  1303               	bcf	3,6	;RP1=0, select bank0
   940  05E6  00A2               	movwf	_currentMode	;volatile
   941  05E7  3000               	movlw	0
   942  05E8  00A3               	movwf	_currentMode+1	;volatile
   943                           
   944                           ;main.c: 92: TXREG = 'f';
   945  05E9  3066               	movlw	102
   946  05EA  0099               	movwf	25	;volatile
   947                           
   948                           ;main.c: 93: _delay((unsigned long)((250)*(8000000/4000.0)));
   949  05EB  3003               	movlw	3
   950  05EC  00AD               	movwf	??_flipMode+2
   951  05ED  308A               	movlw	138
   952  05EE  00AC               	movwf	??_flipMode+1
   953  05EF  3056               	movlw	86
   954  05F0  00AB               	movwf	??_flipMode
   955  05F1                     u887:	
   956  05F1  0BAB               	decfsz	??_flipMode,f
   957  05F2  2DF1               	goto	u887
   958  05F3  0BAC               	decfsz	??_flipMode+1,f
   959  05F4  2DF1               	goto	u887
   960  05F5  0BAD               	decfsz	??_flipMode+2,f
   961  05F6  2DF1               	goto	u887
   962  05F7  2DF8               	nop2
   963                           
   964                           ;main.c: 94: return;
   965  05F8  0008               	return
   966  05F9                     l967:	
   967                           ;main.c: 95: case 2: currentMode = 1;
   968                           
   969  05F9  3001               	movlw	1
   970  05FA  1283               	bcf	3,5	;RP0=0, select bank0
   971  05FB  1303               	bcf	3,6	;RP1=0, select bank0
   972  05FC  00A2               	movwf	_currentMode	;volatile
   973  05FD  3000               	movlw	0
   974  05FE  00A3               	movwf	_currentMode+1	;volatile
   975                           
   976                           ;main.c: 96: TXREG = 'w';
   977  05FF  3077               	movlw	119
   978  0600  0099               	movwf	25	;volatile
   979                           
   980                           ;main.c: 97: _delay((unsigned long)((250)*(8000000/4000.0)));
   981  0601  3003               	movlw	3
   982  0602  00AD               	movwf	??_flipMode+2
   983  0603  308A               	movlw	138
   984  0604  00AC               	movwf	??_flipMode+1
   985  0605  3056               	movlw	86
   986  0606  00AB               	movwf	??_flipMode
   987  0607                     u897:	
   988  0607  0BAB               	decfsz	??_flipMode,f
   989  0608  2E07               	goto	u897
   990  0609  0BAC               	decfsz	??_flipMode+1,f
   991  060A  2E07               	goto	u897
   992  060B  0BAD               	decfsz	??_flipMode+2,f
   993  060C  2E07               	goto	u897
   994  060D  2E0E               	nop2
   995                           
   996                           ;main.c: 100: }
   997                           
   998                           ;main.c: 98: return;
   999  060E  0008               	return
  1000  060F                     l973:	
  1001                           
  1002                           ; Switch on 2 bytes has been partitioned into a top level switch of size 1, and 1 sub-sw
      +                          itches
  1003                           ; Switch size 1, requested type "space"
  1004                           ; Number of cases is 1, Range of values is 0 to 0
  1005                           ; switch strategies available:
  1006                           ; Name         Instructions Cycles
  1007                           ; simple_byte            4     3 (average)
  1008                           ; direct_byte           11     8 (fixed)
  1009                           ; jumptable            260     6 (fixed)
  1010                           ;	Chosen strategy is simple_byte
  1011  060F  1283               	bcf	3,5	;RP0=0, select bank0
  1012  0610  1303               	bcf	3,6	;RP1=0, select bank0
  1013  0611  0823               	movf	_currentMode+1,w	;volatile
  1014  0612  3A00               	xorlw	0	; case 0
  1015  0613  1903               	skipnz
  1016  0614  2E16               	goto	l1313
  1017  0615  2E21               	goto	l80
  1018  0616                     l1313:	
  1019                           
  1020                           ; Switch size 1, requested type "space"
  1021                           ; Number of cases is 3, Range of values is 0 to 2
  1022                           ; switch strategies available:
  1023                           ; Name         Instructions Cycles
  1024                           ; simple_byte           10     6 (average)
  1025                           ; direct_byte           17     8 (fixed)
  1026                           ; jumptable            260     6 (fixed)
  1027                           ;	Chosen strategy is simple_byte
  1028  0616  0822               	movf	_currentMode,w	;volatile
  1029  0617  3A00               	xorlw	0	; case 0
  1030  0618  1903               	skipnz
  1031  0619  2DCD               	goto	l959
  1032  061A  3A01               	xorlw	1	; case 1
  1033  061B  1903               	skipnz
  1034  061C  2DE3               	goto	l963
  1035  061D  3A03               	xorlw	3	; case 2
  1036  061E  1903               	skipnz
  1037  061F  2DF9               	goto	l967
  1038  0620  2E21               	goto	l80
  1039  0621                     l80:	
  1040  0621  0008               	return
  1041  0622                     __end_of_flipMode:	
  1042                           
  1043                           	psect	text3
  1044  054F                     __ptext3:	
  1045 ;; *************** function _configureUART *****************
  1046 ;; Defined at:
  1047 ;;		line 60 in file "main.c"
  1048 ;; Parameters:    Size  Location     Type
  1049 ;;		None
  1050 ;; Auto vars:     Size  Location     Type
  1051 ;;		None
  1052 ;; Return value:  Size  Location     Type
  1053 ;;		None               void
  1054 ;; Registers used:
  1055 ;;		wreg
  1056 ;; Tracked objects:
  1057 ;;		On entry : 0/0
  1058 ;;		On exit  : 0/0
  1059 ;;		Unchanged: 0/0
  1060 ;; Data sizes:     COMMON   BANK0   BANK1   BANK3   BANK2
  1061 ;;      Params:         0       0       0       0       0
  1062 ;;      Locals:         0       0       0       0       0
  1063 ;;      Temps:          0       0       0       0       0
  1064 ;;      Totals:         0       0       0       0       0
  1065 ;;Total ram usage:        0 bytes
  1066 ;; Hardware stack levels used:    1
  1067 ;; Hardware stack levels required when called:    1
  1068 ;; This function calls:
  1069 ;;		Nothing
  1070 ;; This function is called by:
  1071 ;;		_main
  1072 ;; This function uses a non-reentrant model
  1073 ;;
  1074                           
  1075                           
  1076                           ;psect for function _configureUART
  1077  054F                     _configureUART:	
  1078                           
  1079                           ;main.c: 64: TXSTAbits.TXEN = 0x1;
  1080                           
  1081                           ;incstack = 0
  1082                           ; Regs used in _configureUART: [wreg]
  1083  054F  1683               	bsf	3,5	;RP0=1, select bank1
  1084  0550  1303               	bcf	3,6	;RP1=0, select bank1
  1085  0551  1698               	bsf	24,5	;volatile
  1086                           
  1087                           ;main.c: 65: TXSTAbits.SYNC = 0x0;
  1088  0552  1218               	bcf	24,4	;volatile
  1089                           
  1090                           ;main.c: 66: RCSTAbits.SPEN = 0x1;
  1091  0553  1283               	bcf	3,5	;RP0=0, select bank0
  1092  0554  1303               	bcf	3,6	;RP1=0, select bank0
  1093  0555  1798               	bsf	24,7	;volatile
  1094                           
  1095                           ;main.c: 67: TXSTAbits.BRGH = 0x0;
  1096  0556  1683               	bsf	3,5	;RP0=1, select bank1
  1097  0557  1303               	bcf	3,6	;RP1=0, select bank1
  1098  0558  1118               	bcf	24,2	;volatile
  1099                           
  1100                           ;main.c: 73: BAUDCTLbits.BRG16 = 0;
  1101  0559  1683               	bsf	3,5	;RP0=1, select bank3
  1102  055A  1703               	bsf	3,6	;RP1=1, select bank3
  1103  055B  1187               	bcf	7,3	;volatile
  1104                           
  1105                           ;main.c: 75: SPBRG = 12;
  1106  055C  300C               	movlw	12
  1107  055D  1683               	bsf	3,5	;RP0=1, select bank1
  1108  055E  1303               	bcf	3,6	;RP1=0, select bank1
  1109  055F  0099               	movwf	25	;volatile
  1110                           
  1111                           ;main.c: 76: SPBRGH - 0;
  1112  0560  081A               	movf	26,w	;volatile
  1113                           
  1114                           ;main.c: 78: PIE1bits.RCIE = 1;
  1115  0561  168C               	bsf	12,5	;volatile
  1116                           
  1117                           ;main.c: 79: PIR1bits.RCIF = 0;
  1118  0562  1283               	bcf	3,5	;RP0=0, select bank0
  1119  0563  1303               	bcf	3,6	;RP1=0, select bank0
  1120  0564  128C               	bcf	12,5	;volatile
  1121  0565  0008               	return
  1122  0566                     __end_of_configureUART:	
  1123                           
  1124                           	psect	text4
  1125  0566                     __ptext4:	
  1126 ;; *************** function _configureCCPModule *****************
  1127 ;; Defined at:
  1128 ;;		line 203 in file "main.c"
  1129 ;; Parameters:    Size  Location     Type
  1130 ;;		None
  1131 ;; Auto vars:     Size  Location     Type
  1132 ;;		None
  1133 ;; Return value:  Size  Location     Type
  1134 ;;		None               void
  1135 ;; Registers used:
  1136 ;;		wreg, status,2, status,0
  1137 ;; Tracked objects:
  1138 ;;		On entry : 0/0
  1139 ;;		On exit  : 0/0
  1140 ;;		Unchanged: 0/0
  1141 ;; Data sizes:     COMMON   BANK0   BANK1   BANK3   BANK2
  1142 ;;      Params:         0       0       0       0       0
  1143 ;;      Locals:         0       0       0       0       0
  1144 ;;      Temps:          0       0       0       0       0
  1145 ;;      Totals:         0       0       0       0       0
  1146 ;;Total ram usage:        0 bytes
  1147 ;; Hardware stack levels used:    1
  1148 ;; Hardware stack levels required when called:    1
  1149 ;; This function calls:
  1150 ;;		Nothing
  1151 ;; This function is called by:
  1152 ;;		_main
  1153 ;; This function uses a non-reentrant model
  1154 ;;
  1155                           
  1156                           
  1157                           ;psect for function _configureCCPModule
  1158  0566                     _configureCCPModule:	
  1159                           
  1160                           ;main.c: 207: T1CONbits.TMR1ON = 0;
  1161                           
  1162                           ;incstack = 0
  1163                           ; Regs used in _configureCCPModule: [wreg+status,2+status,0]
  1164  0566  1283               	bcf	3,5	;RP0=0, select bank0
  1165  0567  1303               	bcf	3,6	;RP1=0, select bank0
  1166  0568  1010               	bcf	16,0	;volatile
  1167                           
  1168                           ;main.c: 208: T1CONbits.TMR1GE = 0;
  1169  0569  1310               	bcf	16,6	;volatile
  1170                           
  1171                           ;main.c: 209: T1CONbits.T1CKPS = 0b00;
  1172  056A  30CF               	movlw	-49
  1173  056B  0590               	andwf	16,f	;volatile
  1174                           
  1175                           ;main.c: 210: T1CONbits.T1OSCEN = 0;
  1176  056C  1190               	bcf	16,3	;volatile
  1177                           
  1178                           ;main.c: 211: T1CONbits.TMR1CS = 0;
  1179  056D  1090               	bcf	16,1	;volatile
  1180                           
  1181                           ;main.c: 213: TMR1H = 0;
  1182  056E  018F               	clrf	15	;volatile
  1183                           
  1184                           ;main.c: 214: TMR1L = 0;
  1185  056F  018E               	clrf	14	;volatile
  1186                           
  1187                           ;main.c: 216: T1CONbits.TMR1ON = 1;
  1188  0570  1410               	bsf	16,0	;volatile
  1189                           
  1190                           ;main.c: 220: PIE1bits.CCP1IE = 0;
  1191  0571  1683               	bsf	3,5	;RP0=1, select bank1
  1192  0572  1303               	bcf	3,6	;RP1=0, select bank1
  1193  0573  110C               	bcf	12,2	;volatile
  1194                           
  1195                           ;main.c: 221: PIR1bits.CCP1IF = 0;
  1196  0574  1283               	bcf	3,5	;RP0=0, select bank0
  1197  0575  1303               	bcf	3,6	;RP1=0, select bank0
  1198  0576  110C               	bcf	12,2	;volatile
  1199                           
  1200                           ;main.c: 222: PIE1bits.TMR1IE = 0;
  1201  0577  1683               	bsf	3,5	;RP0=1, select bank1
  1202  0578  1303               	bcf	3,6	;RP1=0, select bank1
  1203  0579  100C               	bcf	12,0	;volatile
  1204                           
  1205                           ;main.c: 223: PIR1bits.TMR1IF = 0;
  1206  057A  1283               	bcf	3,5	;RP0=0, select bank0
  1207  057B  1303               	bcf	3,6	;RP1=0, select bank0
  1208  057C  100C               	bcf	12,0	;volatile
  1209                           
  1210                           ;main.c: 227: CCP1CONbits.CCP1M = 0b0110;
  1211  057D  0817               	movf	23,w	;volatile
  1212  057E  39F0               	andlw	-16
  1213  057F  3806               	iorlw	6
  1214  0580  0097               	movwf	23	;volatile
  1215                           
  1216                           ;main.c: 230: PIE1bits.CCP1IE = 1;
  1217  0581  1683               	bsf	3,5	;RP0=1, select bank1
  1218  0582  1303               	bcf	3,6	;RP1=0, select bank1
  1219  0583  150C               	bsf	12,2	;volatile
  1220                           
  1221                           ;main.c: 231: PIR1bits.CCP1IF = 0;
  1222  0584  1283               	bcf	3,5	;RP0=0, select bank0
  1223  0585  1303               	bcf	3,6	;RP1=0, select bank0
  1224  0586  110C               	bcf	12,2	;volatile
  1225                           
  1226                           ;main.c: 232: PIE1bits.TMR1IE = 0;
  1227  0587  1683               	bsf	3,5	;RP0=1, select bank1
  1228  0588  1303               	bcf	3,6	;RP1=0, select bank1
  1229  0589  100C               	bcf	12,0	;volatile
  1230                           
  1231                           ;main.c: 233: PIR1bits.TMR1IF = 0;
  1232  058A  1283               	bcf	3,5	;RP0=0, select bank0
  1233  058B  1303               	bcf	3,6	;RP1=0, select bank0
  1234  058C  100C               	bcf	12,0	;volatile
  1235  058D  0008               	return
  1236  058E                     __end_of_configureCCPModule:	
  1237                           
  1238                           	psect	text5
  1239  0622                     __ptext5:	
  1240 ;; *************** function _int_handler *****************
  1241 ;; Defined at:
  1242 ;;		line 364 in file "main.c"
  1243 ;; Parameters:    Size  Location     Type
  1244 ;;		None
  1245 ;; Auto vars:     Size  Location     Type
  1246 ;;  diff            2    7[COMMON] unsigned int 
  1247 ;; Return value:  Size  Location     Type
  1248 ;;		None               void
  1249 ;; Registers used:
  1250 ;;		wreg, status,2, status,0, btemp+1
  1251 ;; Tracked objects:
  1252 ;;		On entry : 0/0
  1253 ;;		On exit  : 0/0
  1254 ;;		Unchanged: 0/0
  1255 ;; Data sizes:     COMMON   BANK0   BANK1   BANK3   BANK2
  1256 ;;      Params:         0       0       0       0       0
  1257 ;;      Locals:         2       0       0       0       0
  1258 ;;      Temps:          7       0       0       0       0
  1259 ;;      Totals:         9       0       0       0       0
  1260 ;;Total ram usage:        9 bytes
  1261 ;; Hardware stack levels used:    1
  1262 ;; This function calls:
  1263 ;;		Nothing
  1264 ;; This function is called by:
  1265 ;;		Interrupt level 1
  1266 ;; This function uses a non-reentrant model
  1267 ;;
  1268                           
  1269                           
  1270                           ;psect for function _int_handler
  1271  0622                     _int_handler:	
  1272                           
  1273                           ;main.c: 366: INTCONbits.GIE = 0;
  1274  0622  138B               	bcf	11,7	;volatile
  1275                           
  1276                           ;main.c: 368: if (RCIF == 1)
  1277  0623  1E8C               	btfss	12,5	;volatile
  1278  0624  2E4B               	goto	i1l1217
  1279                           
  1280                           ;main.c: 369: {
  1281                           ;main.c: 370: rx_char = RCREG;
  1282  0625  081A               	movf	26,w	;volatile
  1283  0626  00F1               	movwf	??_int_handler
  1284  0627  0871               	movf	??_int_handler,w
  1285  0628  00AA               	movwf	_rx_char	;volatile
  1286                           
  1287                           ;main.c: 371: PORTAbits.RA0 = 1;
  1288  0629  1405               	bsf	5,0	;volatile
  1289                           
  1290                           ;main.c: 372: _delay((unsigned long)((100)*(8000000/4000.0)));
  1291  062A  3002               	movlw	2
  1292  062B  00F3               	movwf	??_int_handler+2
  1293  062C  3004               	movlw	4
  1294  062D  00F2               	movwf	??_int_handler+1
  1295  062E  30BA               	movlw	186
  1296  062F  00F1               	movwf	??_int_handler
  1297  0630                     u90_27:	
  1298  0630  0BF1               	decfsz	??_int_handler,f
  1299  0631  2E30               	goto	u90_27
  1300  0632  0BF2               	decfsz	??_int_handler+1,f
  1301  0633  2E30               	goto	u90_27
  1302  0634  0BF3               	decfsz	??_int_handler+2,f
  1303  0635  2E30               	goto	u90_27
  1304  0636  0000               	nop
  1305                           
  1306                           ;main.c: 373: PORTAbits.RA0 = 0;
  1307  0637  1283               	bcf	3,5	;RP0=0, select bank0
  1308  0638  1303               	bcf	3,6	;RP1=0, select bank0
  1309  0639  1005               	bcf	5,0	;volatile
  1310                           
  1311                           ;main.c: 374: _delay((unsigned long)((100)*(8000000/4000.0)));
  1312  063A  3002               	movlw	2
  1313  063B  00F3               	movwf	??_int_handler+2
  1314  063C  3004               	movlw	4
  1315  063D  00F2               	movwf	??_int_handler+1
  1316  063E  30BA               	movlw	186
  1317  063F  00F1               	movwf	??_int_handler
  1318  0640                     u91_27:	
  1319  0640  0BF1               	decfsz	??_int_handler,f
  1320  0641  2E40               	goto	u91_27
  1321  0642  0BF2               	decfsz	??_int_handler+1,f
  1322  0643  2E40               	goto	u91_27
  1323  0644  0BF3               	decfsz	??_int_handler+2,f
  1324  0645  2E40               	goto	u91_27
  1325  0646  0000               	nop
  1326                           
  1327                           ;main.c: 376: INTCONbits.GIE = 1;
  1328  0647  178B               	bsf	11,7	;volatile
  1329                           
  1330                           ;main.c: 377: PIR1bits.RCIF = 0;
  1331  0648  1283               	bcf	3,5	;RP0=0, select bank0
  1332  0649  1303               	bcf	3,6	;RP1=0, select bank0
  1333  064A  128C               	bcf	12,5	;volatile
  1334  064B                     i1l1217:	
  1335                           
  1336                           ;main.c: 379: }
  1337                           ;main.c: 381: if (CCP1IF == 1)
  1338  064B  1D0C               	btfss	12,2	;volatile
  1339  064C  2EBD               	goto	i1l1259
  1340                           
  1341                           ;main.c: 382: {
  1342                           ;main.c: 383: counter++;
  1343  064D  3001               	movlw	1
  1344  064E  07A0               	addwf	_counter,f	;volatile
  1345  064F  1803               	skipnc
  1346  0650  0AA1               	incf	_counter+1,f	;volatile
  1347  0651  3000               	movlw	0
  1348  0652  07A1               	addwf	_counter+1,f	;volatile
  1349                           
  1350                           ;main.c: 385: if (counter > 200)
  1351  0653  0821               	movf	_counter+1,w	;volatile
  1352  0654  3A80               	xorlw	128
  1353  0655  00FF               	movwf	127
  1354  0656  3080               	movlw	128
  1355  0657  027F               	subwf	127,w
  1356  0658  1D03               	skipz
  1357  0659  2E5C               	goto	u73_25
  1358  065A  30C9               	movlw	201
  1359  065B  0220               	subwf	_counter,w	;volatile
  1360  065C                     u73_25:	
  1361  065C  1C03               	skipc
  1362  065D  2EBA               	goto	i1l1257
  1363                           
  1364                           ;main.c: 386: {
  1365                           ;main.c: 389: if (risingEdge == 0)
  1366  065E  1283               	bcf	3,5	;RP0=0, select bank0
  1367  065F  1303               	bcf	3,6	;RP1=0, select bank0
  1368  0660  0833               	movf	_risingEdge,w	;volatile
  1369  0661  0434               	iorwf	_risingEdge+1,w	;volatile
  1370  0662  1D03               	btfss	3,2
  1371  0663  2E71               	goto	i1l1231
  1372                           
  1373                           ;main.c: 390: {
  1374                           ;main.c: 392: t1 = CCPR1L;
  1375  0664  0815               	movf	21,w	;volatile
  1376  0665  00F1               	movwf	??_int_handler
  1377  0666  01F2               	clrf	??_int_handler+1
  1378  0667  0871               	movf	??_int_handler,w
  1379  0668  00FA               	movwf	_t1	;volatile
  1380  0669  0872               	movf	??_int_handler+1,w
  1381  066A  00FB               	movwf	_t1+1	;volatile
  1382                           
  1383                           ;main.c: 393: CCP1CONbits.CCP1M = 0b0100;
  1384  066B  0817               	movf	23,w	;volatile
  1385  066C  39F0               	andlw	-16
  1386  066D  3804               	iorlw	4
  1387  066E  0097               	movwf	23	;volatile
  1388                           
  1389                           ;main.c: 394: risingEdge = 1;
  1390  066F  3001               	movlw	1
  1391  0670  2E81               	goto	L2
  1392  0671                     i1l1231:	
  1393                           ;main.c: 396: }
  1394                           
  1395                           
  1396                           ;main.c: 397: else if (risingEdge == 1)
  1397  0671  0333               	decf	_risingEdge,w	;volatile
  1398  0672  0434               	iorwf	_risingEdge+1,w	;volatile
  1399  0673  1D03               	btfss	3,2
  1400  0674  2E85               	goto	i1l1239
  1401                           
  1402                           ;main.c: 398: {
  1403                           ;main.c: 400: t2 = CCPR1L;
  1404  0675  0815               	movf	21,w	;volatile
  1405  0676  00F1               	movwf	??_int_handler
  1406  0677  01F2               	clrf	??_int_handler+1
  1407  0678  0871               	movf	??_int_handler,w
  1408  0679  00FC               	movwf	_t2	;volatile
  1409  067A  0872               	movf	??_int_handler+1,w
  1410  067B  00FD               	movwf	_t2+1	;volatile
  1411                           
  1412                           ;main.c: 401: CCP1CONbits.CCP1M = 0b0101;
  1413  067C  0817               	movf	23,w	;volatile
  1414  067D  39F0               	andlw	-16
  1415  067E  3805               	iorlw	5
  1416  067F  0097               	movwf	23	;volatile
  1417                           
  1418                           ;main.c: 402: risingEdge = 2;
  1419  0680  3002               	movlw	2
  1420  0681                     L2:	
  1421  0681  00B3               	movwf	_risingEdge	;volatile
  1422  0682  3000               	movlw	0
  1423  0683  00B4               	movwf	_risingEdge+1	;volatile
  1424                           
  1425                           ;main.c: 404: }
  1426  0684  2EAB               	goto	i1l1253
  1427  0685                     i1l1239:	
  1428                           
  1429                           ;main.c: 405: else
  1430                           ;main.c: 406: {
  1431                           ;main.c: 407: unsigned int diff;
  1432                           ;main.c: 409: diff = t2 - t1;
  1433  0685  097A               	comf	_t1,w	;volatile
  1434  0686  00F1               	movwf	??_int_handler
  1435  0687  097B               	comf	_t1+1,w	;volatile
  1436  0688  00F2               	movwf	??_int_handler+1
  1437  0689  0AF1               	incf	??_int_handler,f
  1438  068A  1903               	skipnz
  1439  068B  0AF2               	incf	??_int_handler+1,f
  1440  068C  087C               	movf	_t2,w	;volatile
  1441  068D  0771               	addwf	??_int_handler,w
  1442  068E  00F8               	movwf	int_handler@diff
  1443  068F  087D               	movf	_t2+1,w	;volatile
  1444  0690  1803               	skipnc
  1445  0691  0A7D               	incf	_t2+1,w	;volatile
  1446  0692  0772               	addwf	??_int_handler+1,w
  1447  0693  00F9               	movwf	int_handler@diff+1
  1448                           
  1449                           ;main.c: 411: if (t2 > t1)
  1450  0694  087D               	movf	_t2+1,w	;volatile
  1451  0695  027B               	subwf	_t1+1,w	;volatile
  1452  0696  1D03               	skipz
  1453  0697  2E9A               	goto	u76_25
  1454  0698  087C               	movf	_t2,w	;volatile
  1455  0699  027A               	subwf	_t1,w	;volatile
  1456  069A                     u76_25:	
  1457  069A  1803               	skipnc
  1458  069B  2EA7               	goto	i1l1249
  1459                           
  1460                           ;main.c: 412: {
  1461                           ;main.c: 414: if (diff < 0x80)
  1462  069C  3000               	movlw	0
  1463  069D  0279               	subwf	int_handler@diff+1,w
  1464  069E  3080               	movlw	128
  1465  069F  1903               	skipnz
  1466  06A0  0278               	subwf	int_handler@diff,w
  1467  06A1  1803               	skipnc
  1468  06A2  2EA5               	goto	i1l1247
  1469                           
  1470                           ;main.c: 415: {
  1471                           ;main.c: 417: TXREG = 'g';
  1472  06A3  3067               	movlw	103
  1473  06A4  2EA6               	goto	L3
  1474  06A5                     i1l1247:	
  1475                           ;main.c: 418: }
  1476                           
  1477                           
  1478                           ;main.c: 419: else
  1479                           ;main.c: 420: {
  1480                           ;main.c: 421: TXREG = 's';
  1481  06A5  3073               	movlw	115
  1482  06A6                     L3:	
  1483  06A6  0099               	movwf	25	;volatile
  1484  06A7                     i1l1249:	
  1485                           
  1486                           ;main.c: 422: }
  1487                           ;main.c: 423: }
  1488                           ;main.c: 424: counter = 0;
  1489  06A7  01A0               	clrf	_counter	;volatile
  1490  06A8  01A1               	clrf	_counter+1	;volatile
  1491                           
  1492                           ;main.c: 426: risingEdge = 0;
  1493  06A9  01B3               	clrf	_risingEdge	;volatile
  1494  06AA  01B4               	clrf	_risingEdge+1	;volatile
  1495  06AB                     i1l1253:	
  1496                           
  1497                           ;main.c: 427: }
  1498                           ;main.c: 431: if (counter > 250)
  1499  06AB  0821               	movf	_counter+1,w	;volatile
  1500  06AC  3A80               	xorlw	128
  1501  06AD  00FF               	movwf	127
  1502  06AE  3080               	movlw	128
  1503  06AF  027F               	subwf	127,w
  1504  06B0  1D03               	skipz
  1505  06B1  2EB4               	goto	u78_25
  1506  06B2  30FB               	movlw	251
  1507  06B3  0220               	subwf	_counter,w	;volatile
  1508  06B4                     u78_25:	
  1509  06B4  1C03               	skipc
  1510  06B5  2EBA               	goto	i1l1257
  1511                           
  1512                           ;main.c: 432: {
  1513                           ;main.c: 433: counter = 0;
  1514  06B6  1283               	bcf	3,5	;RP0=0, select bank0
  1515  06B7  1303               	bcf	3,6	;RP1=0, select bank0
  1516  06B8  01A0               	clrf	_counter	;volatile
  1517  06B9  01A1               	clrf	_counter+1	;volatile
  1518  06BA                     i1l1257:	
  1519                           
  1520                           ;main.c: 434: }
  1521                           ;main.c: 435: }
  1522                           ;main.c: 437: PIR1bits.CCP1IF = 0;
  1523  06BA  1283               	bcf	3,5	;RP0=0, select bank0
  1524  06BB  1303               	bcf	3,6	;RP1=0, select bank0
  1525  06BC  110C               	bcf	12,2	;volatile
  1526  06BD                     i1l1259:	
  1527                           
  1528                           ;main.c: 439: }
  1529                           ;main.c: 440: INTCONbits.GIE = 1;
  1530  06BD  178B               	bsf	11,7	;volatile
  1531  06BE  0877               	movf	??_int_handler+6,w
  1532  06BF  00FF               	movwf	127
  1533  06C0  0876               	movf	??_int_handler+5,w
  1534  06C1  008A               	movwf	10
  1535  06C2  0875               	movf	??_int_handler+4,w
  1536  06C3  0084               	movwf	4
  1537  06C4  0E74               	swapf	(??_int_handler+3)^(0+-128),w
  1538  06C5  0083               	movwf	3
  1539  06C6  0EFE               	swapf	126,f
  1540  06C7  0E7E               	swapf	126,w
  1541  06C8  0009               	retfie
  1542  06C9                     __end_of_int_handler:	
  1543  007E                     btemp	set	126	;btemp
  1544  007E                     wtemp	set	126
  1545  007E                     wtemp0	set	126
  1546  0080                     wtemp1	set	128
  1547  0082                     wtemp2	set	130
  1548  0084                     wtemp3	set	132
  1549  0086                     wtemp4	set	134
  1550  0088                     wtemp5	set	136
  1551  007F                     wtemp6	set	127
  1552  007E                     ttemp	set	126
  1553  007E                     ttemp0	set	126
  1554  0081                     ttemp1	set	129
  1555  0084                     ttemp2	set	132
  1556  0087                     ttemp3	set	135
  1557  007F                     ttemp4	set	127
  1558  007E                     ltemp	set	126
  1559  007E                     ltemp0	set	126
  1560  0082                     ltemp1	set	130
  1561  0086                     ltemp2	set	134
  1562  0080                     ltemp3	set	128
  1563                           
  1564                           	psect	intentry
  1565  0004                     __pintentry:	
  1566                           ;incstack = 0
  1567                           ; Regs used in _int_handler: [wreg+status,2+status,0+btemp+1]
  1568                           
  1569  0004                     interrupt_function:	
  1570  007E                     saved_w	set	btemp
  1571  0004  00FE               	movwf	btemp
  1572  0005  0E03               	swapf	3,w
  1573  0006  00F4               	movwf	??_int_handler+3
  1574  0007  0804               	movf	4,w
  1575  0008  00F5               	movwf	??_int_handler+4
  1576  0009  080A               	movf	10,w
  1577  000A  00F6               	movwf	??_int_handler+5
  1578  000B  1283               	bcf	3,5	;RP0=0, select bank0
  1579  000C  1303               	bcf	3,6	;RP1=0, select bank0
  1580  000D  087F               	movf	btemp+1,w
  1581  000E  00F7               	movwf	??_int_handler+6
  1582  000F  120A  118A  2E22   	ljmp	_int_handler


Data Sizes:
    Strings     0
    Constant    0
    Data        0
    BSS         15
    Persistent  2
    Stack       0

Auto Spaces:
    Space          Size  Autos    Used
    COMMON           13      9      13
    BANK0            80      8      21
    BANK1            80      0       0
    BANK3            85      0       0
    BANK2            96      0       0

Pointer List with Targets:

    None.

Critical Paths under _main in COMMON

    None.

Critical Paths under _int_handler in COMMON

    None.

Critical Paths under _main in BANK0

    _main->_sendBeacon
    _sendBeacon->_flipMode

Critical Paths under _int_handler in BANK0

    None.

Critical Paths under _main in BANK1

    None.

Critical Paths under _int_handler in BANK1

    None.

Critical Paths under _main in BANK3

    None.

Critical Paths under _int_handler in BANK3

    None.

Critical Paths under _main in BANK2

    None.

Critical Paths under _int_handler in BANK2

    None.

Call Graph Tables:

 ---------------------------------------------------------------------------------
 (Depth) Function   	        Calls       Base Space   Used Autos Params    Refs
 ---------------------------------------------------------------------------------
 (0) _main                                                 3     3      0      47
                                              5 BANK0      3     3      0
                 _configureCCPModule
                      _configureUART
                         _sendBeacon
 ---------------------------------------------------------------------------------
 (1) _sendBeacon                                           2     2      0      47
                                              3 BANK0      2     2      0
                           _flipMode
 ---------------------------------------------------------------------------------
 (2) _flipMode                                             3     3      0       0
                                              0 BANK0      3     3      0
 ---------------------------------------------------------------------------------
 (1) _configureUART                                        0     0      0       0
 ---------------------------------------------------------------------------------
 (1) _configureCCPModule                                   0     0      0       0
 ---------------------------------------------------------------------------------
 Estimated maximum stack depth 2
 ---------------------------------------------------------------------------------
 (Depth) Function   	        Calls       Base Space   Used Autos Params    Refs
 ---------------------------------------------------------------------------------
 (3) _int_handler                                          9     9      0      23
                                              0 COMMON     9     9      0
 ---------------------------------------------------------------------------------
 Estimated maximum stack depth 3
 ---------------------------------------------------------------------------------

 Call Graph Graphs:

 _main (ROOT)
   _configureCCPModule
   _configureUART
   _sendBeacon
     _flipMode

 _int_handler (ROOT)

 Address spaces:
Name               Size   Autos  Total    Cost      Usage
BITCOMMON            D      0       0       0        0.0%
EEDATA             100      0       0       0        0.0%
NULL                 0      0       0       0        0.0%
CODE                 0      0       0       0        0.0%
COMMON               D      9       D       1      100.0%
BITSFR0              0      0       0       1        0.0%
SFR0                 0      0       0       1        0.0%
BITSFR1              0      0       0       2        0.0%
SFR1                 0      0       0       2        0.0%
STACK                0      0       0       2        0.0%
ABS                  0      0      22       3        0.0%
BITBANK0            50      0       0       4        0.0%
BITSFR3              0      0       0       4        0.0%
SFR3                 0      0       0       4        0.0%
BANK0               50      8      15       5       26.2%
BITSFR2              0      0       0       5        0.0%
SFR2                 0      0       0       5        0.0%
BITBANK1            50      0       0       6        0.0%
BANK1               50      0       0       7        0.0%
BITBANK3            55      0       0       8        0.0%
BANK3               55      0       0       9        0.0%
BITBANK2            60      0       0      10        0.0%
BANK2               60      0       0      11        0.0%
DATA                 0      0      22      12        0.0%


Microchip Technology PIC Macro Assembler V1.35 build -356382666 
Symbol Table                                                                                   Tue Dec  1 06:15:13 2015

             ?_configureUART 0071                  __CFG_CP$OFF 0000                           l80 0621  
                         _t1 007A                           _t2 007C                           _t3 0028  
                        l105 05CA                          l122 07DD                          l963 05E3  
                        l973 060F                          l967 05F9                          l959 05CD  
                        l997 05AE                          u410 05AB                          u405 059E  
               __CFG_CPD$OFF 0000                          u445 05C8                          u630 0766  
                        u704 07C8                          u670 07AE                          u807 0727  
                        u817 073D                          u690 07C5                          u827 076F  
                        u837 079E                          u847 07B5                          u857 07D3  
                        u867 07E5                          u877 05DB                          u797 0711  
                        u887 05F1                          u897 0607                          fsr0 0004  
               __CFG_IESO$ON 0000                 __CFG_LVP$OFF 0000                         l1005 05B7  
                       l1311 074C                         l1151 0700                         l1313 0616  
                       l1155 0705                         l1163 0745                         l1181 0787  
                       l1157 0719                         l1165 0757                         l1191 07B1  
                       l1159 072F                         l1169 0769                         l1177 077C  
                       _RCIF 0065                 __CFG_WRT$OFF 0000                __CFG_FCMEN$ON 0000  
                       _main 06C9                         btemp 007E                __CFG_BOREN$ON 0000  
                       ltemp 007E                         start 0012                         ttemp 007E  
                       wtemp 007E                __CFG_MCLRE$ON 0000                        ?_main 0071  
              __CFG_WDTE$OFF 0000                        _ANSEL 0188                        _RCREG 001A  
                      _TMR1H 000F                        _TMR1L 000E                        _SPBRG 0099  
                      _TRISA 0085                        u73_25 065C                        u90_27 0630  
                      u91_27 0640                        u76_25 069A                        u78_25 06B4  
                      _TXREG 0019                 ?_int_handler 0071                        _state 0026  
                      pclath 000A                        ltemp0 007E                        ltemp1 0082  
                      ltemp2 0086                        ltemp3 0080                        ttemp0 007E  
                      ttemp1 0081                        ttemp2 0084                        ttemp3 0087  
                      ttemp4 007F                        status 0003                        wtemp0 007E  
                      wtemp1 0080                        wtemp2 0082                        wtemp3 0084  
                      wtemp4 0086                        wtemp5 0088                        wtemp6 007F  
            __initialization 07ED              ??_configureUART 002B                 __end_of_main 07ED  
                     ??_main 0030                       _CCP1IF 0062                       _CCPR1L 0015  
                     i1l1231 0671                       i1l1217 064B                       i1l1253 06AB  
                     i1l1247 06A5                       i1l1239 0685                       i1l1249 06A7  
                     i1l1257 06BA                       i1l1259 06BD                       _OSCCON 008F  
                     _SPBRGH 009A               __CFG_PWRTE$OFF 0000           _configureCCPModule 0566  
           __end_of_flipMode 0622          ?_configureCCPModule 0071                       saved_w 007E  
       ??_configureCCPModule 002B      __end_of__initialization 07FC               __pcstackCOMMON 0071  
                sendBeacon@x 002E         __size_of_int_handler 00A7                   __pbssBANK0 0020  
                 __pmaintext 06C9                   __pintentry 0004                    ?_flipMode 0071  
                    __ptext1 058E                      __ptext2 05CC                      __ptext3 054F  
                    __ptext4 0566                      __ptext5 0622                    _T1CONbits 0010  
                    _counter 0020                   _sendBeacon 058E                      _rx_char 002A  
                 ??_flipMode 002B         end_of_initialization 07FC                    _RCSTAbits 0018  
      __end_of_configureUART 0566                   _risingEdge 0033                    _PORTAbits 0005  
                  _TRISCbits 0087                  _CCP1CONbits 0017                    _TXSTAbits 0098  
                _BAUDCTLbits 0187          start_initialization 07ED                  ?_sendBeacon 0071  
__size_of_configureCCPModule 0028                _sampleCounter 0024     __CFG_FOSC$INTRC_NOCLKOUT 0000  
                __pbssCOMMON 007A                    ___latbits 0002                ??_int_handler 0071  
              __pcstackBANK0 002B            __size_of_flipMode 0056                    __pnvBANK0 0033  
        __size_of_sendBeacon 003E          __end_of_int_handler 06C9            interrupt_function 0004  
                   _PIE1bits 008C                     _PIR1bits 000C              int_handler@diff 0078  
                _currentMode 0022                 ??_sendBeacon 002E                  _int_handler 0622  
          __CFG_BOR4V$BOR40V 0000                     _flipMode 05CC       __size_of_configureUART 0017  
              __size_of_main 0124           __end_of_sendBeacon 05CC                   _INTCONbits 000B  
 __end_of_configureCCPModule 058E                     intlevel1 0000                   _OSCCONbits 008F  
              _configureUART 054F  
